Arguments: 
  C:\Program Files\nodejs\node.exe C:\Program Files (x86)\Yarn\bin\yarn.js add sass -D

PATH: 
  C:\Program Files\nodejs\node_modules\npm\node_modules\npm-lifecycle\node-gyp-bin;C:\Users\Mezeru\Desktop\portfo\mezeru.github.io\node_modules\.bin;C:\Program Files\PowerShell\7;C:\Program Files (x86)\Common Files\Intel\Shared Libraries\redist\intel64\compiler;C:\Program Files\Intel\iCLS Client\;C:\Windows\system32;C:\Windows;C:\Windows\System32\Wbem;C:\Windows\System32\WindowsPowerShell\v1.0\;C:\WINDOWS\system32;C:\WINDOWS;C:\WINDOWS\System32\Wbem;C:\WINDOWS\System32\WindowsPowerShell\v1.0\;C:\WINDOWS\System32\OpenSSH\;C:\Program Files\NVIDIA Corporation\NVIDIA NvDLISR;C:\Program Files\Intel\WiFi\bin\;C:\Program Files\Common Files\Intel\WirelessCommon\;C:\Program Files (x86)\Intel\Intel(R) Management Engine Components\DAL;C:\Program Files\Intel\Intel(R) Management Engine Components\DAL;C:\Users\Mezeru\AppData\Local\Programs\Python\Python38-32;C:\Program Files (x86)\NVIDIA Corporation\PhysX\Common;C:\Program Files\dotnet\;C:\Program Files\nodejs;C:\MinGW\bin;C:\Program Files (x86)\dotnet\;C:\Program Files\Git\cmd;C:\ProgramData\chocolatey\bin;C:\WINDOWS\system32;C:\WINDOWS;C:\WINDOWS\System32\Wbem;C:\WINDOWS\System32\WindowsPowerShell\v1.0\;C:\WINDOWS\System32\OpenSSH\;C:\Program Files (x86)\Yarn\bin\;C:\Program Files\PowerShell\7\;C:\Users\Mezeru\AppData\Roaming\npm;C:\Users\Mezeru\AppData\Local\Programs\Microsoft VS Code\bin;C:\Program Files\Docker\Docker\resources\bin;C:\ProgramData\DockerDesktop\version-bin;C:\Program Files (x86)\Calibre2\;C:\Users\Mezeru\scoop\shims;C:\Users\Mezeru\AppData\Local\Programs\Python\Python37\Scripts\;C:\Users\Mezeru\AppData\Local\Programs\Python\Python37\;C:\Program Files\Intel\iCLS Client\;C:\Windows\system32;C:\Windows;C:\Windows\System32\Wbem;C:\Windows\System32\WindowsPowerShell\v1.0\;C:\Program Files (x86)\NVIDIA Corporation\PhysX\Common;C:\WINDOWS\system32;C:\WINDOWS;C:\WINDOWS\System32\Wbem;C:\WINDOWS\System32\WindowsPowerShell\v1.0\;C:\WINDOWS\System32\OpenSSH\;C:\Program Files\NVIDIA Corporation\NVIDIA NvDLISR;C:\Program Files\Microsoft SQL Server\Client SDK\ODBC\110\Tools\Binn\;C:\Program Files (x86)\Microsoft SQL Server\120\Tools\Binn\ManagementStudio\;C:\Program Files (x86)\Microsoft SQL Server\120\Tools\Binn\;C:\Program Files\Microsoft SQL Server\120\Tools\Binn\;C:\Program Files (x86)\Microsoft SQL Server\120\DTS\Binn\;C:\Program Files\Microsoft SQL Server\120\DTS\Binn\;C:\Program Files\Intel\WiFi\bin\;C:\Program Files\Common Files\Intel\WirelessCommon\;C:\Users\Mezeru\AppData\Local\Programs\Microsoft VS Code\bin;C:\Users\Mezeru\AppData\Local\hyper\app-3.0.2\resources\bin

Yarn version: 
  1.22.5

Node version: 
  12.18.3

Platform: 
  win32 x64

Trace: 
  Error: EPERM: operation not permitted, unlink 'C:\Users\Mezeru\Desktop\portfo\mezeru.github.io\node_modules\deasync\bin\win32-x64-node-12\deasync.node'

npm manifest: 
  {
    "name": "mezeru.github.io",
    "version": "1.0.0",
    "description": "",
    "main": "script.js",
    "scripts": {
      "dev": "parcel src/index.html",
      "build": "parcel build src/index.html"
    },
    "repository": {
      "type": "git",
      "url": "git+https://github.com/mezeru/mezeru.github.io.git"
    },
    "author": "Yash",
    "license": "ISC",
    "bugs": {
      "url": "https://github.com/mezeru/mezeru.github.io/issues"
    },
    "homepage": "https://github.com/mezeru/mezeru.github.io#readme",
    "dependencies": {
      "@fortawesome/fontawesome-free": "^5.15.4",
      "aos": "^3.0.0-beta.6",
      "docslider": "^3.0.1",
      "lit-html": "^1.4.1",
      "navigo": "^8.11.1"
    },
    "devDependencies": {
      "parcel-bundler": "^1.12.5"
    }
  }

yarn manifest: 
  No manifest

Lockfile: 
  No lockfile
